<?xml version="1.0" encoding="UTF-8"?>
<!-- Generated by org.testng.reporters.JUnitReportReporter -->
<testsuite hostname="C100-96s-iMac.local" failures="0" tests="1" name="swimGDSAutomation.NegativeTC.NegativeManageVoyagesTest" time="73.729" errors="0" timestamp="2023-10-25T19:06:44 IST" skipped="0">
  <testcase classname="swimGDSAutomation.NegativeTC.NegativeManageVoyagesTest" name="EnterInvalidDetailsInNewVesselNameField" time="73.729"/>
  <system-out/>
</testsuite> <!-- swimGDSAutomation.NegativeTC.NegativeManageVoyagesTest -->
