<?xml version="1.0" encoding="UTF-8"?>
<!-- Generated by org.testng.reporters.JUnitReportReporter -->
<testsuite hostname="C100-96s-iMac.local" failures="0" tests="2" name="swimGDSAutomation.PositiveTC.UserManualTest" time="152.164" errors="0" timestamp="2023-09-06T11:54:10 IST" skipped="0">
  <testcase classname="swimGDSAutomation.PositiveTC.UserManualTest" name="ClickOnUserManualMenuAndLogout" time="84.666"/>
  <system-out/>
  <testcase classname="swimGDSAutomation.PositiveTC.UserManualTest" name="ClickOnUserManualButton" time="67.498"/>
  <system-out/>
</testsuite> <!-- swimGDSAutomation.PositiveTC.UserManualTest -->
