<?xml version="1.0" encoding="UTF-8"?>
<!-- Generated by org.testng.reporters.JUnitReportReporter -->
<testsuite hostname="C100-96s-iMac.local" failures="0" tests="3" name="swimGDSAutomation.PositiveTC.CreateNewTradingTermsTest" time="175.047" errors="0" timestamp="2023-09-04T16:15:43 IST" skipped="0">
  <testcase classname="swimGDSAutomation.PositiveTC.CreateNewTradingTermsTest" name="VerifyTermsDropdown_OpenedAndClosed" time="88.500"/>
  <system-out/>
  <testcase classname="swimGDSAutomation.PositiveTC.CreateNewTradingTermsTest" name="ClickOnCreateTradingTerms" time="42.144"/>
  <system-out/>
  <testcase classname="swimGDSAutomation.PositiveTC.CreateNewTradingTermsTest" name="CreateNewTerms" time="44.403"/>
  <system-out/>
</testsuite> <!-- swimGDSAutomation.PositiveTC.CreateNewTradingTermsTest -->
