<?xml version="1.0" encoding="UTF-8"?>
<!-- Generated by org.testng.reporters.JUnitReportReporter -->
<testsuite hostname="C100-96s-iMac.local" failures="0" tests="1" name="swimGDSAutomation.PositiveTC.ForgetPasswordTest" time="100.594" errors="0" timestamp="2023-08-22T18:40:05 IST" skipped="0">
  <testcase classname="swimGDSAutomation.PositiveTC.ForgetPasswordTest" name="Verify_ClickOnSubmitButton" time="100.594"/>
  <system-out/>
</testsuite> <!-- swimGDSAutomation.PositiveTC.ForgetPasswordTest -->
