<?xml version="1.0" encoding="UTF-8"?>
<!-- Generated by org.testng.reporters.JUnitReportReporter -->
<testsuite hostname="C100-96s-iMac.local" failures="0" tests="3" name="swimGDSAutomation.PositiveTC.SellerReportsTest" time="90.740" errors="0" timestamp="2023-10-30T23:08:04 IST" skipped="0">
  <testcase classname="swimGDSAutomation.PositiveTC.SellerReportsTest" name="ClickSellerReportsMenu" time="29.707"/>
  <system-out/>
  <testcase classname="swimGDSAutomation.PositiveTC.SellerReportsTest" name="ClickReadyMadeSubMenu" time="29.861"/>
  <system-out/>
  <testcase classname="swimGDSAutomation.PositiveTC.SellerReportsTest" name="ClickReportWriterMenu" time="31.172"/>
  <system-out/>
</testsuite> <!-- swimGDSAutomation.PositiveTC.SellerReportsTest -->
