<?xml version="1.0" encoding="UTF-8"?>
<!-- Generated by org.testng.reporters.JUnitReportReporter -->
<testsuite hostname="C100-96s-iMac.local" failures="0" tests="1" name="swimGDSAutomation.NegativeTC.NegativeAuthorizeUser" time="100.915" errors="0" timestamp="2023-08-31T18:46:02 IST" skipped="0">
  <testcase classname="swimGDSAutomation.NegativeTC.NegativeAuthorizeUser" name="WithDeletedStatus_TryToDoLogin" time="100.915"/>
  <system-out/>
</testsuite> <!-- swimGDSAutomation.NegativeTC.NegativeAuthorizeUser -->
