<?xml version="1.0" encoding="UTF-8"?>
<!-- Generated by org.testng.reporters.JUnitReportReporter -->
<testsuite hostname="C100-96s-iMac.local" failures="0" tests="36" name="swimGDSAutomation.PositiveTC.BCNDocumentsTest" time="1877.978" errors="0" timestamp="2023-11-08T14:43:34 IST" skipped="0">
  <testcase classname="swimGDSAutomation.PositiveTC.BCNDocumentsTest" name="ClickOnBCNDocumentsMenu" time="31.020"/>
  <system-out/>
  <testcase classname="swimGDSAutomation.PositiveTC.BCNDocumentsTest" name="ClickOnEnterBCNNumberField" time="34.838"/>
  <system-out/>
  <testcase classname="swimGDSAutomation.PositiveTC.BCNDocumentsTest" name="EnterTheBCNNumberInTheField" time="33.139"/>
  <system-out/>
  <testcase classname="swimGDSAutomation.PositiveTC.BCNDocumentsTest" name="SelectTheBCNNumberFromDropdown" time="38.192"/>
  <system-out/>
  <testcase classname="swimGDSAutomation.PositiveTC.BCNDocumentsTest" name="ClickOnViewButtonToUploadTheDocuments" time="45.400"/>
  <system-out/>
  <testcase classname="swimGDSAutomation.PositiveTC.BCNDocumentsTest" name="ClickOnUploadCRNLink" time="46.693"/>
  <system-out/>
  <testcase classname="swimGDSAutomation.PositiveTC.BCNDocumentsTest" name="ClickOnEmailActionOfCRNDocument" time="44.873"/>
  <system-out/>
  <testcase classname="swimGDSAutomation.PositiveTC.BCNDocumentsTest" name="EnterEmailAddressInFieldAndClickOnCancelButton" time="76.185"/>
  <system-out/>
  <testcase classname="swimGDSAutomation.PositiveTC.BCNDocumentsTest" name="EnterEmailAddressInFieldAndClickOnSendButton" time="51.895"/>
  <system-out/>
  <testcase classname="swimGDSAutomation.PositiveTC.BCNDocumentsTest" name="ClickOnDownloadActionOfCRNDocument" time="45.705"/>
  <system-out/>
  <testcase classname="swimGDSAutomation.PositiveTC.BCNDocumentsTest" name="VerifyUserReceivedTheAttachmentInEMail" time="67.571"/>
  <system-out/>
  <testcase classname="swimGDSAutomation.PositiveTC.BCNDocumentsTest" name="ClickOnViewActionOfCRNDocument" time="44.381"/>
  <system-out/>
  <testcase classname="swimGDSAutomation.PositiveTC.BCNDocumentsTest" name="ClickOnDeleteActionOfCRNDocument_AndClickOnNoButton" time="44.770"/>
  <system-out/>
  <testcase classname="swimGDSAutomation.PositiveTC.BCNDocumentsTest" name="ClickOnUploadBOLLink" time="43.381"/>
  <system-out/>
  <testcase classname="swimGDSAutomation.PositiveTC.BCNDocumentsTest" name="ClickOnEmailActionOfBOLDocument" time="49.948"/>
  <system-out/>
  <testcase classname="swimGDSAutomation.PositiveTC.BCNDocumentsTest" name="EnterEmailAddressInFieldAndClickOnCancelButton_BOLPopup" time="51.198"/>
  <system-out/>
  <testcase classname="swimGDSAutomation.PositiveTC.BCNDocumentsTest" name="EnterEmailAddressInFieldAndClickOnSendButton_BOLPopup" time="62.995"/>
  <system-out/>
  <testcase classname="swimGDSAutomation.PositiveTC.BCNDocumentsTest" name="VerifyUserReceivedTheAttachmentInEMail_BOLPopup" time="66.944"/>
  <system-out/>
  <testcase classname="swimGDSAutomation.PositiveTC.BCNDocumentsTest" name="ClickOnDownloadActionOfBOLDocument" time="127.151"/>
  <system-out/>
  <testcase classname="swimGDSAutomation.PositiveTC.BCNDocumentsTest" name="ClickOnViewActionOfBOLDocument" time="48.776"/>
  <system-out/>
  <testcase classname="swimGDSAutomation.PositiveTC.BCNDocumentsTest" name="ClickOnDeleteActionOfBOLDocument_AndClickOnNoButton" time="62.444"/>
  <system-out/>
  <testcase classname="swimGDSAutomation.PositiveTC.BCNDocumentsTest" name="ClickOnUploadNoticeLink" time="44.472"/>
  <system-out/>
  <testcase classname="swimGDSAutomation.PositiveTC.BCNDocumentsTest" name="ClickOnEmailActionOfUploadNoticeDocument" time="44.382"/>
  <system-out/>
  <testcase classname="swimGDSAutomation.PositiveTC.BCNDocumentsTest" name="EnterEmailAddressInFieldAndClickOnCancelButton_NoticePopup" time="47.905"/>
  <system-out/>
  <testcase classname="swimGDSAutomation.PositiveTC.BCNDocumentsTest" name="EnterEmailAddressInFieldAndClickOnSendButton_NoticePopup" time="53.105"/>
  <system-out/>
  <testcase classname="swimGDSAutomation.PositiveTC.BCNDocumentsTest" name="VerifyUserReceivedTheAttachmentInEMail_NoticePopup" time="69.527"/>
  <system-out/>
  <testcase classname="swimGDSAutomation.PositiveTC.BCNDocumentsTest" name="ClickOnDownloadActionOfNoticeDocument" time="55.776"/>
  <system-out/>
  <testcase classname="swimGDSAutomation.PositiveTC.BCNDocumentsTest" name="ClickOnViewActionOfNoticeDocument" time="48.028"/>
  <system-out/>
  <testcase classname="swimGDSAutomation.PositiveTC.BCNDocumentsTest" name="ClickOnDeleteActionOfNoticeDocument_AndClickOnNoButton" time="48.093"/>
  <system-out/>
  <testcase classname="swimGDSAutomation.PositiveTC.BCNDocumentsTest" name="ClickOnEmailActionOfBuyersDocument" time="45.552"/>
  <system-out/>
  <testcase classname="swimGDSAutomation.PositiveTC.BCNDocumentsTest" name="EnterEmailAddressInFieldAndClickOnCancelButton_SOCPopup" time="47.984"/>
  <system-out/>
  <testcase classname="swimGDSAutomation.PositiveTC.BCNDocumentsTest" name="EnterEmailAddressInFieldAndClickOnSendButton_SOCPopup" time="49.578"/>
  <system-out/>
  <testcase classname="swimGDSAutomation.PositiveTC.BCNDocumentsTest" name="VerifyUserReceivedTheAttachmentInEMail_SOCPopup" time="65.857"/>
  <system-out/>
  <testcase classname="swimGDSAutomation.PositiveTC.BCNDocumentsTest" name="ClickOnDownloadActionOfSOCDocument" time="46.854"/>
  <system-out/>
  <testcase classname="swimGDSAutomation.PositiveTC.BCNDocumentsTest" name="ClickOnViewActionOfSOCDocument" time="44.748"/>
  <system-out/>
  <testcase classname="swimGDSAutomation.PositiveTC.BCNDocumentsTest" name="ClickOnDeleteActionOfSOCDocument_AndClickOnNoButton" time="48.618"/>
  <system-out/>
</testsuite> <!-- swimGDSAutomation.PositiveTC.BCNDocumentsTest -->
