<?xml version="1.0" encoding="UTF-8"?>
<!-- Generated by org.testng.reporters.JUnitReportReporter -->
<testsuite hostname="C100-96s-iMac.local" failures="0" tests="2" name="swimGDSAutomation.PositiveTC.LandingTest" time="122.346" errors="0" timestamp="2023-11-29T17:31:02 IST" skipped="0">
  <testcase classname="swimGDSAutomation.PositiveTC.LandingTest" name="RegisterWithSeller" time="36.647"/>
  <system-out/>
  <testcase classname="swimGDSAutomation.PositiveTC.LandingTest" name="LoginWithSeller" time="85.699"/>
  <system-out/>
</testsuite> <!-- swimGDSAutomation.PositiveTC.LandingTest -->
