<?xml version="1.0" encoding="UTF-8"?>
<!-- Generated by org.testng.reporters.JUnitReportReporter -->
<testsuite hostname="C100-96s-iMac.local" failures="0" tests="1" name="swimGDSAutomation.PositiveTC.QuotesTest" time="76.592" errors="0" timestamp="2023-09-01T17:36:36 IST" skipped="0">
  <testcase classname="swimGDSAutomation.PositiveTC.QuotesTest" name="SelectCancelledStatus" time="76.592"/>
  <system-out/>
</testsuite> <!-- swimGDSAutomation.PositiveTC.QuotesTest -->
