<?xml version="1.0" encoding="UTF-8"?>
<!-- Generated by org.testng.reporters.JUnitReportReporter -->
<testsuite hostname="C100-96s-iMac.local" failures="0" tests="1" name="swimGDSAutomation.PositiveTC.ManageVoyageTest" time="88.803" errors="0" timestamp="2023-09-27T16:15:32 IST" skipped="0">
  <testcase classname="swimGDSAutomation.PositiveTC.ManageVoyageTest" name="ClickOnViewFromBCNColumn_SelectedStatusAsCancelled" time="88.803"/>
  <system-out/>
</testsuite> <!-- swimGDSAutomation.PositiveTC.ManageVoyageTest -->
