<?xml version="1.0" encoding="UTF-8"?>
<!-- Generated by org.testng.reporters.JUnitReportReporter -->
<testsuite hostname="C100-96s-iMac.local" failures="0" tests="6" name="swimGDSAutomation.NegativeTC.NegativeCreateNewTradingTermsTest" time="458.501" errors="0" timestamp="2023-09-04T16:32:43 IST" skipped="0">
  <testcase classname="swimGDSAutomation.NegativeTC.NegativeCreateNewTradingTermsTest" name="WithoutEnteringDetails_ClickOnCreateTradingTerms" time="75.613"/>
  <system-out/>
  <testcase classname="swimGDSAutomation.NegativeTC.NegativeCreateNewTradingTermsTest" name="EnterBlankSpace_ClickOnCreateTradingTerms" time="72.943"/>
  <system-out/>
  <testcase classname="swimGDSAutomation.NegativeTC.NegativeCreateNewTradingTermsTest" name="EnterSpecialCharacter_ClickOnCreateTradingTerms" time="59.520"/>
  <system-out/>
  <testcase classname="swimGDSAutomation.NegativeTC.NegativeCreateNewTradingTermsTest" name="WithoutSelectingDays_ClickCreateBtn" time="89.559"/>
  <system-out/>
  <testcase classname="swimGDSAutomation.NegativeTC.NegativeCreateNewTradingTermsTest" name="SelectInvalidDaysOption_FromTermsDropdown" time="79.608"/>
  <system-out/>
  <testcase classname="swimGDSAutomation.NegativeTC.NegativeCreateNewTradingTermsTest" name="WithoutSelectingDate_ClickCreateBtn" time="81.258"/>
  <system-out/>
</testsuite> <!-- swimGDSAutomation.NegativeTC.NegativeCreateNewTradingTermsTest -->
