<?xml version="1.0" encoding="UTF-8"?>
<!-- Generated by org.testng.reporters.JUnitReportReporter -->
<testsuite hostname="C100-96s-iMac.local" failures="0" tests="1" name="swimGDSAutomation.PositiveTC.LoginTest" time="70.548" errors="0" timestamp="2023-09-01T19:02:46 IST" skipped="0">
  <testcase classname="swimGDSAutomation.PositiveTC.LoginTest" name="LoginWithValidCredentails" time="70.548"/>
  <system-out/>
</testsuite> <!-- swimGDSAutomation.PositiveTC.LoginTest -->
