<?xml version="1.0" encoding="UTF-8"?>
<!-- Generated by org.testng.reporters.JUnitReportReporter -->
<testsuite hostname="C100-96s-iMac.local" failures="0" tests="5" name="swimGDSAutomation.PositiveTC.SwimGDSTnCTest" time="284.297" errors="0" timestamp="2023-08-30T14:16:12 IST" skipped="0">
  <testcase classname="swimGDSAutomation.PositiveTC.SwimGDSTnCTest" name="ClickOnEditBankInfo" time="72.227"/>
  <system-out/>
  <testcase classname="swimGDSAutomation.PositiveTC.SwimGDSTnCTest" name="PrintDocument_displayed" time="48.534"/>
  <system-out/>
  <testcase classname="swimGDSAutomation.PositiveTC.SwimGDSTnCTest" name="ClickOnPrintDocument" time="44.070"/>
  <system-out/>
  <testcase classname="swimGDSAutomation.PositiveTC.SwimGDSTnCTest" name="Downloaddocument_displayed" time="44.081"/>
  <system-out/>
  <testcase classname="swimGDSAutomation.PositiveTC.SwimGDSTnCTest" name="ClickOnDownloaddocument" time="75.385"/>
  <system-out/>
</testsuite> <!-- swimGDSAutomation.PositiveTC.SwimGDSTnCTest -->
