<?xml version="1.0" encoding="UTF-8"?>
<!-- Generated by org.testng.reporters.JUnitReportReporter -->
<testsuite hostname="C100-96s-iMac.local" failures="0" tests="1" name="swimGDSAutomation.NegativeTC.NegativeMyAccountTest" time="79.910" errors="0" timestamp="2023-09-22T14:56:36 IST" skipped="0">
  <testcase classname="swimGDSAutomation.NegativeTC.NegativeMyAccountTest" name="InsertNumbersInAllFields_ClickSaveBankBtn" time="79.910"/>
  <system-out/>
</testsuite> <!-- swimGDSAutomation.NegativeTC.NegativeMyAccountTest -->
