<?xml version="1.0" encoding="UTF-8"?>
<!-- Generated by org.testng.reporters.JUnitReportReporter -->
<testsuite hostname="C100-96s-iMac.local" failures="0" tests="1" name="swimGDSAutomation.NegativeTC.NegativeManageTEUSlots" time="82.000" errors="0" timestamp="2023-09-20T10:40:29 IST" skipped="0">
  <testcase classname="swimGDSAutomation.NegativeTC.NegativeManageTEUSlots" name="EnterInvalidValueInPriceFieldsAndClickSubmit" time="82.000"/>
  <system-out/>
</testsuite> <!-- swimGDSAutomation.NegativeTC.NegativeManageTEUSlots -->
