<?xml version="1.0" encoding="UTF-8"?>
<!-- Generated by org.testng.reporters.JUnitReportReporter -->
<testsuite hostname="C100-96s-iMac.local" failures="0" tests="1" name="swimGDSAutomation.PositiveTC.ManageTEUSlotsTest" time="99.923" errors="0" timestamp="2023-09-21T12:32:45 IST" skipped="0">
  <testcase classname="swimGDSAutomation.PositiveTC.ManageTEUSlotsTest" name="EnterNewChargesInField" time="99.923"/>
  <system-out/>
</testsuite> <!-- swimGDSAutomation.PositiveTC.ManageTEUSlotsTest -->
