<?xml version="1.0" encoding="UTF-8"?>
<!-- Generated by org.testng.reporters.JUnitReportReporter -->
<testsuite hostname="C100-96s-iMac.local" failures="0" tests="2" name="swimGDSAutomation.NegativeTC.NegativeReadyMadeTest" time="332.942" errors="0" timestamp="2023-09-14T10:53:48 IST" skipped="0">
  <testcase classname="swimGDSAutomation.NegativeTC.NegativeReadyMadeTest" name="EnterInvalidBuyerInSelectBuyerField" time="148.433"/>
  <system-out/>
  <testcase classname="swimGDSAutomation.NegativeTC.NegativeReadyMadeTest" name="ClickViewButtonWithoutSelectingBuyer" time="184.509"/>
  <system-out/>
</testsuite> <!-- swimGDSAutomation.NegativeTC.NegativeReadyMadeTest -->
