<?xml version="1.0" encoding="UTF-8"?>
<!-- Generated by org.testng.reporters.JUnitReportReporter -->
<testsuite hostname="C100-96s-iMac.local" failures="0" tests="1" name="swimGDSAutomation.PositiveTC.LoginTest" time="43.165" errors="0" timestamp="2023-12-01T10:22:24 IST" skipped="0">
  <testcase classname="swimGDSAutomation.PositiveTC.LoginTest" name="LoginWith_AllVisibleOptions" time="43.165"/>
  <system-out/>
</testsuite> <!-- swimGDSAutomation.PositiveTC.LoginTest -->
