<?xml version="1.0" encoding="UTF-8"?>
<!-- Generated by org.testng.reporters.JUnitReportReporter -->
<testsuite hostname="C100-96s-iMac.local" failures="0" tests="1" name="swimGDSAutomation.NegativeTC.NegativeAuthorizeUserTest" time="40.332" errors="0" timestamp="2023-10-30T11:10:28 IST" skipped="0">
  <testcase classname="swimGDSAutomation.NegativeTC.NegativeAuthorizeUserTest" name="WithPendingEmailVerificationStatus_TryToDoLogin" time="40.332"/>
  <system-out/>
</testsuite> <!-- swimGDSAutomation.NegativeTC.NegativeAuthorizeUserTest -->
