<?xml version="1.0" encoding="UTF-8"?>
<!-- Generated by org.testng.reporters.JUnitReportReporter -->
<testsuite hostname="C100-96s-iMac.local" failures="0" tests="9" name="swimGDSAutomation.NegativeTC.NegativeAuthorizeUserTest" time="851.303" errors="0" timestamp="2023-09-01T10:31:24 IST" skipped="0">
  <testcase classname="swimGDSAutomation.NegativeTC.NegativeAuthorizeUserTest" name="WithoutInsertingValues_ClickOnSubmitButton" time="81.145"/>
  <system-out/>
  <testcase classname="swimGDSAutomation.NegativeTC.NegativeAuthorizeUserTest" name="WithoutInsertingValueInEditDetails_clickSaveBtn" time="90.840"/>
  <system-out/>
  <testcase classname="swimGDSAutomation.NegativeTC.NegativeAuthorizeUserTest" name="WithoutInsertingDetailsInAddUser_ClickCreateBtn" time="144.065"/>
  <system-out/>
  <testcase classname="swimGDSAutomation.NegativeTC.NegativeAuthorizeUserTest" name="WithoutInsertingEmail_ClickCreateBtn" time="90.297"/>
  <system-out/>
  <testcase classname="swimGDSAutomation.NegativeTC.NegativeAuthorizeUserTest" name="InsertingEmail_ClickCreateBtn" time="94.893"/>
  <system-out/>
  <testcase classname="swimGDSAutomation.NegativeTC.NegativeAuthorizeUserTest" name="InsertingAlreadyRegisteredEmail_ClickCreateBtn" time="75.971"/>
  <system-out/>
  <testcase classname="swimGDSAutomation.NegativeTC.NegativeAuthorizeUserTest" name="WithPendingEmailVerificationStatus_TryToDoLogin" time="107.454"/>
  <system-out/>
  <testcase classname="swimGDSAutomation.NegativeTC.NegativeAuthorizeUserTest" name="WithCancelledStatus_TryToDoLogin" time="94.802"/>
  <system-out/>
  <testcase classname="swimGDSAutomation.NegativeTC.NegativeAuthorizeUserTest" name="WithDeletedStatus_TryToDoLogin" time="71.836"/>
  <system-out/>
</testsuite> <!-- swimGDSAutomation.NegativeTC.NegativeAuthorizeUserTest -->
