<?xml version="1.0" encoding="UTF-8"?>
<!-- Generated by org.testng.reporters.JUnitReportReporter -->
<testsuite hostname="C100-96s-iMac.local" failures="0" tests="1" name="swimGDSAutomation.PositiveTC.ListTradingTermsTest" time="74.921" errors="0" timestamp="2023-09-05T19:15:46 IST" skipped="0">
  <testcase classname="swimGDSAutomation.PositiveTC.ListTradingTermsTest" name="ClickOnPagination" time="74.921"/>
  <system-out/>
</testsuite> <!-- swimGDSAutomation.PositiveTC.ListTradingTermsTest -->
