<?xml version="1.0" encoding="UTF-8"?>
<!-- Generated by org.testng.reporters.JUnitReportReporter -->
<testsuite hostname="C100-96s-iMac.local" failures="0" tests="1" name="swimGDSAutomation.PositiveTC.ManageBCNTest" time="42.702" errors="0" timestamp="2023-10-25T19:35:00 IST" skipped="0">
  <testcase classname="swimGDSAutomation.PositiveTC.ManageBCNTest" name="ClickOnAscDescArrowInManageBCNSubmenu" time="42.702"/>
  <system-out/>
</testsuite> <!-- swimGDSAutomation.PositiveTC.ManageBCNTest -->
