<?xml version="1.0" encoding="UTF-8"?>
<!-- Generated by org.testng.reporters.JUnitReportReporter -->
<testsuite hostname="C100-96s-iMac.local" failures="0" tests="1" name="swimGDSAutomation.NegativeTC.NegativeBCNDocumentsTest" time="64.439" errors="0" timestamp="2023-11-27T15:21:23 IST" skipped="0">
  <testcase classname="swimGDSAutomation.NegativeTC.NegativeBCNDocumentsTest" name="EnterMultiplesEmailAddressInFieldAndClickOnSendButton" time="64.439"/>
  <system-out/>
</testsuite> <!-- swimGDSAutomation.NegativeTC.NegativeBCNDocumentsTest -->
