<?xml version="1.0" encoding="UTF-8"?>
<!-- Generated by org.testng.reporters.JUnitReportReporter -->
<testsuite hostname="C100-96s-iMac.local" failures="0" tests="5" name="swimGDSAutomation.PositiveTC.SwimGDSRulesTest" time="285.321" errors="0" timestamp="2023-08-30T14:54:29 IST" skipped="0">
  <testcase classname="swimGDSAutomation.PositiveTC.SwimGDSRulesTest" name="ClickOnEditBankInfo" time="47.498"/>
  <system-out/>
  <testcase classname="swimGDSAutomation.PositiveTC.SwimGDSRulesTest" name="PrintDocument_displayed" time="45.943"/>
  <system-out/>
  <testcase classname="swimGDSAutomation.PositiveTC.SwimGDSRulesTest" name="ClickOnPrintDocument" time="42.414"/>
  <system-out/>
  <testcase classname="swimGDSAutomation.PositiveTC.SwimGDSRulesTest" name="Downloaddocument_displayed" time="74.997"/>
  <system-out/>
  <testcase classname="swimGDSAutomation.PositiveTC.SwimGDSRulesTest" name="ClickOnDownloaddocument" time="74.469"/>
  <system-out/>
</testsuite> <!-- swimGDSAutomation.PositiveTC.SwimGDSRulesTest -->
