<?xml version="1.0" encoding="UTF-8"?>
<!-- Generated by org.testng.reporters.JUnitReportReporter -->
<testsuite hostname="C100-96s-iMac.local" failures="0" tests="33" name="swimGDSAutomation.PositiveTC.StandardDocumentsTest" time="1699.899" errors="0" timestamp="2023-11-07T17:14:31 IST" skipped="0">
  <testcase classname="swimGDSAutomation.PositiveTC.StandardDocumentsTest" name="ClickOnStandardDocumentsMenu" time="34.116"/>
  <system-out/>
  <testcase classname="swimGDSAutomation.PositiveTC.StandardDocumentsTest" name="ClickLogoutFromStandardDocumentsMenu" time="39.420"/>
  <system-out/>
  <testcase classname="swimGDSAutomation.PositiveTC.StandardDocumentsTest" name="ClickOnUploadTermsNConditionsSubmenu" time="40.562"/>
  <system-out/>
  <testcase classname="swimGDSAutomation.PositiveTC.StandardDocumentsTest" name="EnterTheVersionNumberInField" time="48.428"/>
  <system-out/>
  <testcase classname="swimGDSAutomation.PositiveTC.StandardDocumentsTest" name="ClickEffectiveDateField" time="37.570"/>
  <system-out/>
  <testcase classname="swimGDSAutomation.PositiveTC.StandardDocumentsTest" name="SelectEffectiveDateFromTheCalender" time="41.311"/>
  <system-out/>
  <testcase classname="swimGDSAutomation.PositiveTC.StandardDocumentsTest" name="ClickOnSelctFileToUploadField" time="44.047"/>
  <system-out/>
  <testcase classname="swimGDSAutomation.PositiveTC.StandardDocumentsTest" name="ClickOnViewTermsNConditionsHistorySubmenu" time="66.565"/>
  <system-out/>
  <testcase classname="swimGDSAutomation.PositiveTC.StandardDocumentsTest" name="ClickOnEyeIconInViewTnCHistorySubmenu" time="64.944"/>
  <system-out/>
  <testcase classname="swimGDSAutomation.PositiveTC.StandardDocumentsTest" name="ClickOnDownloadeIconInViewTnCHistorySubmenu" time="68.932"/>
  <system-out/>
  <testcase classname="swimGDSAutomation.PositiveTC.StandardDocumentsTest" name="ClickOnUploadFormsSubmenu" time="37.460"/>
  <system-out/>
  <testcase classname="swimGDSAutomation.PositiveTC.StandardDocumentsTest" name="ClickOnSelectDocumentFormField" time="43.907"/>
  <system-out/>
  <testcase classname="swimGDSAutomation.PositiveTC.StandardDocumentsTest" name="SelectTheSocCscCertificationAndIdentityFormOption" time="41.784"/>
  <system-out/>
  <testcase classname="swimGDSAutomation.PositiveTC.StandardDocumentsTest" name="EnterTheVersionNumberInTheFieldInUploadFormSubmenu" time="37.691"/>
  <system-out/>
  <testcase classname="swimGDSAutomation.PositiveTC.StandardDocumentsTest" name="SelectEffectiveDateFromTheCalenderInUploadFormsSubmenu" time="52.787"/>
  <system-out/>
  <testcase classname="swimGDSAutomation.PositiveTC.StandardDocumentsTest" name="SelectTheSOCIndemmnityFormOption" time="42.310"/>
  <system-out/>
  <testcase classname="swimGDSAutomation.PositiveTC.StandardDocumentsTest" name="EnterTheVersionNumberInSOCIndemmnityFormInUploadFormSubmenu" time="40.137"/>
  <system-out/>
  <testcase classname="swimGDSAutomation.PositiveTC.StandardDocumentsTest" name="SelectEffectiveDateFromTheCalenderInSOCIndemmnityForm" time="46.121"/>
  <system-out/>
  <testcase classname="swimGDSAutomation.PositiveTC.StandardDocumentsTest" name="SelectTheHazardousGoodsDeclarationOption" time="37.926"/>
  <system-out/>
  <testcase classname="swimGDSAutomation.PositiveTC.StandardDocumentsTest" name="EnterTheVersionNumberInHazardousGoodsDeclarationTabInUploadFormSubmenu" time="47.539"/>
  <system-out/>
  <testcase classname="swimGDSAutomation.PositiveTC.StandardDocumentsTest" name="SelectEffectiveDateFromTheCalenderInHazardousGoodsDeclarationTab" time="77.738"/>
  <system-out/>
  <testcase classname="swimGDSAutomation.PositiveTC.StandardDocumentsTest" name="SelectTheForwardingInstructionsFormption" time="37.799"/>
  <system-out/>
  <testcase classname="swimGDSAutomation.PositiveTC.StandardDocumentsTest" name="EnterTheVersionNumberInForwardingInstructionsFormTabInUploadFormSubmenu" time="43.255"/>
  <system-out/>
  <testcase classname="swimGDSAutomation.PositiveTC.StandardDocumentsTest" name="SelectEffectiveDateFromTheCalenderInForwardingInstructionsFormTab" time="44.642"/>
  <system-out/>
  <testcase classname="swimGDSAutomation.PositiveTC.StandardDocumentsTest" name="ClickOnViewFormsHistorySubmenu" time="74.328"/>
  <system-out/>
  <testcase classname="swimGDSAutomation.PositiveTC.StandardDocumentsTest" name="ClickOnEyeIconInSOCCSCCertificationAndIdentityFormTab" time="70.929"/>
  <system-out/>
  <testcase classname="swimGDSAutomation.PositiveTC.StandardDocumentsTest" name="ClickOnDownloadeIconInSOCCSCCertificationAndIdentityFormTab" time="58.976"/>
  <system-out/>
  <testcase classname="swimGDSAutomation.PositiveTC.StandardDocumentsTest" name="ClickOnEyeIconSOCIndemmnityFormmTab" time="60.510"/>
  <system-out/>
  <testcase classname="swimGDSAutomation.PositiveTC.StandardDocumentsTest" name="ClickOnDownloadIconSOCIndemmnityFormmTab" time="55.079"/>
  <system-out/>
  <testcase classname="swimGDSAutomation.PositiveTC.StandardDocumentsTest" name="ClickOnEyeIconInHazardousGoodsDeclarationTab" time="70.562"/>
  <system-out/>
  <testcase classname="swimGDSAutomation.PositiveTC.StandardDocumentsTest" name="ClickOnDownloadIconInHazardousGoodsDeclarationTab" time="55.666"/>
  <system-out/>
  <testcase classname="swimGDSAutomation.PositiveTC.StandardDocumentsTest" name="ClickOnEyeIconInForwardingInstructionsFormTab" time="63.487"/>
  <system-out/>
  <testcase classname="swimGDSAutomation.PositiveTC.StandardDocumentsTest" name="ClickOnDownloadIconInForwardingInstructionsFormTab" time="73.371"/>
  <system-out/>
</testsuite> <!-- swimGDSAutomation.PositiveTC.StandardDocumentsTest -->
