<?xml version="1.0" encoding="UTF-8"?>
<!-- Generated by org.testng.reporters.JUnitReportReporter -->
<testsuite hostname="C100-96s-iMac.local" failures="0" tests="1" name="swimGDSAutomation.PositiveTC.ManageTEUSlotsTest" time="223.398" errors="0" timestamp="2023-09-18T12:03:27 IST" skipped="0">
  <testcase classname="swimGDSAutomation.PositiveTC.ManageTEUSlotsTest" name="EnterNewQunatityInFields" time="223.398"/>
  <system-out/>
</testsuite> <!-- swimGDSAutomation.PositiveTC.ManageTEUSlotsTest -->
