<?xml version="1.0" encoding="UTF-8"?>
<!-- Generated by org.testng.reporters.JUnitReportReporter -->
<testsuite hostname="C100-96s-iMac.local" failures="0" tests="1" name="swimGDSAutomation.PositiveTC.RegisterTest" time="92.228" errors="0" timestamp="2023-08-23T16:47:29 IST" skipped="0">
  <testcase classname="swimGDSAutomation.PositiveTC.RegisterTest" name="Verify_TermsAndConditions" time="92.228"/>
  <system-out/>
</testsuite> <!-- swimGDSAutomation.PositiveTC.RegisterTest -->
