<?xml version="1.0" encoding="UTF-8"?>
<!-- Generated by org.testng.reporters.JUnitReportReporter -->
<testsuite hostname="C100-96s-iMac.local" failures="0" tests="7" name="swimGDSAutomation.NegativeTC.NegativeManageCouponTest" time="295.279" errors="0" timestamp="2023-10-20T11:44:42 IST" skipped="0">
  <testcase classname="swimGDSAutomation.NegativeTC.NegativeManageCouponTest" name="EnterCouponDetailsInSearchFieldInCouponListSubmenu" time="42.218"/>
  <system-out/>
  <testcase classname="swimGDSAutomation.NegativeTC.NegativeManageCouponTest" name="ClickOnCreateTradingTermsInCouponListSubmenu" time="40.534"/>
  <system-out/>
  <testcase classname="swimGDSAutomation.NegativeTC.NegativeManageCouponTest" name="SelectDateFromFieldInCouponListSubmenu" time="42.946"/>
  <system-out/>
  <testcase classname="swimGDSAutomation.NegativeTC.NegativeManageCouponTest" name="EnterSpecialCharacterFieldInCouponListSubmenu" time="41.802"/>
  <system-out/>
  <testcase classname="swimGDSAutomation.NegativeTC.NegativeManageCouponTest" name="EnterZeroValueInDiscountFieldInCouponListSubmenu" time="41.865"/>
  <system-out/>
  <testcase classname="swimGDSAutomation.NegativeTC.NegativeManageCouponTest" name="EnterInvalidValueInDiscountFieldInCouponListSubmenu" time="44.787"/>
  <system-out/>
  <testcase classname="swimGDSAutomation.NegativeTC.NegativeManageCouponTest" name="CreateDuplicateCouponCodeInCouponListSubmenu" time="41.127"/>
  <system-out/>
</testsuite> <!-- swimGDSAutomation.NegativeTC.NegativeManageCouponTest -->
