<?xml version="1.0" encoding="UTF-8"?>
<!-- Generated by org.testng.reporters.JUnitReportReporter -->
<testsuite hostname="C100-96s-iMac.local" failures="0" tests="1" name="swimGDSAutomation.NegativeTC.NegativeReadyMadeTest" time="76.554" errors="0" timestamp="2023-09-08T17:20:01 IST" skipped="0">
  <testcase classname="swimGDSAutomation.NegativeTC.NegativeReadyMadeTest" name="ClickViewButtonWithoutSelectingBuyer" time="76.554"/>
  <system-out/>
</testsuite> <!-- swimGDSAutomation.NegativeTC.NegativeReadyMadeTest -->
