<?xml version="1.0" encoding="UTF-8"?>
<!-- Generated by org.testng.reporters.JUnitReportReporter -->
<testsuite hostname="C100-96s-iMac.local" failures="0" tests="3" name="swimGDSAutomation.PositiveTC.ManageTradingTermsTest" time="104.011" errors="0" timestamp="2023-10-30T23:08:04 IST" skipped="0">
  <testcase classname="swimGDSAutomation.PositiveTC.ManageTradingTermsTest" name="ClickOnEditBankInfo" time="37.812"/>
  <system-out/>
  <testcase classname="swimGDSAutomation.PositiveTC.ManageTradingTermsTest" name="ClickOnCreateTradingTerms" time="33.417"/>
  <system-out/>
  <testcase classname="swimGDSAutomation.PositiveTC.ManageTradingTermsTest" name="ClickOnListTradingTerms" time="32.782"/>
  <system-out/>
</testsuite> <!-- swimGDSAutomation.PositiveTC.ManageTradingTermsTest -->
