<?xml version="1.0" encoding="UTF-8"?>
<!-- Generated by org.testng.reporters.JUnitReportReporter -->
<testsuite hostname="C100-96s-iMac.local" failures="0" tests="5" name="swimGDSAutomation.PositiveTC.AccountManagementTest" time="294.595" errors="0" timestamp="2023-08-27T17:10:21 IST" skipped="0">
  <testcase classname="swimGDSAutomation.PositiveTC.AccountManagementTest" name="ClickOnAccountManagementDropDown" time="68.339"/>
  <system-out/>
  <testcase classname="swimGDSAutomation.PositiveTC.AccountManagementTest" name="ClickOnMyAccount" time="47.029"/>
  <system-out/>
  <testcase classname="swimGDSAutomation.PositiveTC.AccountManagementTest" name="ClickOnAuthorizeUser" time="43.546"/>
  <system-out/>
  <testcase classname="swimGDSAutomation.PositiveTC.AccountManagementTest" name="ClickOn_SwimTermsNCondition" time="67.990"/>
  <system-out/>
  <testcase classname="swimGDSAutomation.PositiveTC.AccountManagementTest" name="ClickOn_SwimGDSRules" time="67.691"/>
  <system-out/>
</testsuite> <!-- swimGDSAutomation.PositiveTC.AccountManagementTest -->
