<?xml version="1.0" encoding="UTF-8"?>
<!-- Generated by org.testng.reporters.JUnitReportReporter -->
<testsuite hostname="C100-96s-iMac.local" failures="0" tests="1" name="swimGDSAutomation.PositiveTC.RegisterTest" time="77.572" errors="0" timestamp="2023-11-29T15:23:02 IST" skipped="0">
  <testcase classname="swimGDSAutomation.PositiveTC.RegisterTest" name="Fill_MasterUserInfo" time="77.572"/>
  <system-out/>
</testsuite> <!-- swimGDSAutomation.PositiveTC.RegisterTest -->
