<?xml version="1.0" encoding="UTF-8"?>
<!-- Generated by org.testng.reporters.JUnitReportReporter -->
<testsuite hostname="C100-96s-iMac.local" failures="0" tests="1" name="swimGDSAutomation.PositiveTC.StandardDocumentsTest" time="133.112" errors="0" timestamp="2023-10-19T18:06:42 IST" skipped="0">
  <testcase classname="swimGDSAutomation.PositiveTC.StandardDocumentsTest" name="ClickOnEyeIconInForwardingInstructionsFormTab" time="133.112"/>
  <system-out/>
</testsuite> <!-- swimGDSAutomation.PositiveTC.StandardDocumentsTest -->
