<?xml version="1.0" encoding="UTF-8"?>
<!-- Generated by org.testng.reporters.JUnitReportReporter -->
<testsuite hostname="C100-96s-iMac.local" failures="0" tests="1" name="swimGDSAutomation.NegativeTC.NegativeMyAccountTest" time="39.072" errors="0" timestamp="2023-11-27T11:14:51 IST" skipped="0">
  <testcase classname="swimGDSAutomation.NegativeTC.NegativeMyAccountTest" name="EnterNumberInAllField_ClickSaveBtn" time="39.072"/>
  <system-out/>
</testsuite> <!-- swimGDSAutomation.NegativeTC.NegativeMyAccountTest -->
