<?xml version="1.0" encoding="UTF-8"?>
<!-- Generated by org.testng.reporters.JUnitReportReporter -->
<testsuite hostname="C100-96s-iMac.local" failures="0" tests="6" name="swimGDSAutomation.NegativeTC.NegativeLoginTest" time="338.087" errors="0" timestamp="2023-11-29T18:27:26 IST" skipped="0">
  <testcase classname="swimGDSAutomation.NegativeTC.NegativeLoginTest" name="Loginwithout_EmailPassword" time="45.305"/>
  <system-out/>
  <testcase classname="swimGDSAutomation.NegativeTC.NegativeLoginTest" name="loginWithInvalidCred" time="54.603"/>
  <system-out/>
  <testcase classname="swimGDSAutomation.NegativeTC.NegativeLoginTest" name="loginWithInvalidPassword" time="78.973"/>
  <system-out/>
  <testcase classname="swimGDSAutomation.NegativeTC.NegativeLoginTest" name="loginWithInvalidEmail" time="42.210"/>
  <system-out/>
  <testcase classname="swimGDSAutomation.NegativeTC.NegativeLoginTest" name="loginWithoutPassword" time="37.734"/>
  <system-out/>
  <testcase classname="swimGDSAutomation.NegativeTC.NegativeLoginTest" name="loginWithoutEmail" time="79.262"/>
  <system-out/>
</testsuite> <!-- swimGDSAutomation.NegativeTC.NegativeLoginTest -->
