<?xml version="1.0" encoding="UTF-8"?>
<!-- Generated by org.testng.reporters.JUnitReportReporter -->
<testsuite hostname="C100-96s-iMac.local" failures="0" tests="5" name="swimGDSAutomation.NegativeTC.NegativeForgetPasswordTest" time="356.224" errors="0" timestamp="2023-08-23T19:07:13 IST" skipped="0">
  <testcase classname="swimGDSAutomation.NegativeTC.NegativeForgetPasswordTest" name="WithoutInsertingEmail_ClickNextBtn" time="71.823"/>
  <system-out/>
  <testcase classname="swimGDSAutomation.NegativeTC.NegativeForgetPasswordTest" name="InsertUnregisteredEmail_ClickNext" time="77.525"/>
  <system-out/>
  <testcase classname="swimGDSAutomation.NegativeTC.NegativeForgetPasswordTest" name="EnterAnswer_SecurityQues" time="75.875"/>
  <system-out/>
  <testcase classname="swimGDSAutomation.NegativeTC.NegativeForgetPasswordTest" name="InsertUnverifiedemail_clickNext" time="88.429"/>
  <system-out/>
  <testcase classname="swimGDSAutomation.NegativeTC.NegativeForgetPasswordTest" name="WithoutInsertingAnswer_clickNext" time="42.572"/>
  <system-out/>
</testsuite> <!-- swimGDSAutomation.NegativeTC.NegativeForgetPasswordTest -->
