<?xml version="1.0" encoding="UTF-8"?>
<!-- Generated by org.testng.reporters.JUnitReportReporter -->
<testsuite hostname="C100-96s-iMac.local" failures="0" tests="2" name="swimGDSAutomation.NegativeTC.NegativeReadyMadeTest" time="64.620" errors="0" timestamp="2023-10-30T23:08:04 IST" skipped="0">
  <testcase classname="swimGDSAutomation.NegativeTC.NegativeReadyMadeTest" name="EnterInvalidBuyerInSelectBuyerField" time="34.444"/>
  <system-out/>
  <testcase classname="swimGDSAutomation.NegativeTC.NegativeReadyMadeTest" name="ClickViewButtonWithoutSelectingBuyer" time="30.176"/>
  <system-out/>
</testsuite> <!-- swimGDSAutomation.NegativeTC.NegativeReadyMadeTest -->
