<?xml version="1.0" encoding="UTF-8"?>
<!-- Generated by org.testng.reporters.JUnitReportReporter -->
<testsuite hostname="C100-96s-iMac.local" failures="0" tests="8" name="swimGDSAutomation.PositiveTC.ForgetPasswordTest" time="755.957" errors="0" timestamp="2023-08-23T15:52:19 IST" skipped="0">
  <testcase classname="swimGDSAutomation.PositiveTC.ForgetPasswordTest" name="ClickonForgetPassword" time="118.322"/>
  <system-out/>
  <testcase classname="swimGDSAutomation.PositiveTC.ForgetPasswordTest" name="ClickBack_fromForgetPage" time="78.332"/>
  <system-out/>
  <testcase classname="swimGDSAutomation.PositiveTC.ForgetPasswordTest" name="EnterEmail_ForgetPasswordPage" time="73.548"/>
  <system-out/>
  <testcase classname="swimGDSAutomation.PositiveTC.ForgetPasswordTest" name="EnterAnswer_SecurityQues" time="51.976"/>
  <system-out/>
  <testcase classname="swimGDSAutomation.PositiveTC.ForgetPasswordTest" name="Verify_ResetPasswordMail" time="97.842"/>
  <system-out/>
  <testcase classname="swimGDSAutomation.PositiveTC.ForgetPasswordTest" name="ResetPassword" time="89.582"/>
  <system-out/>
  <testcase classname="swimGDSAutomation.PositiveTC.ForgetPasswordTest" name="Enter_NewandConfirmPassword" time="85.976"/>
  <system-out/>
  <testcase classname="swimGDSAutomation.PositiveTC.ForgetPasswordTest" name="Verify_ClickOnSubmitButton" time="160.379"/>
  <system-out/>
</testsuite> <!-- swimGDSAutomation.PositiveTC.ForgetPasswordTest -->
