<?xml version="1.0" encoding="UTF-8"?>
<!-- Generated by org.testng.reporters.JUnitReportReporter -->
<testsuite hostname="C100-96s-iMac.local" failures="0" tests="6" name="swimGDSAutomation.NegativeTC.NegativeCreateNewTradingTermsTest" time="189.145" errors="0" timestamp="2023-10-30T23:08:04 IST" skipped="0">
  <testcase classname="swimGDSAutomation.NegativeTC.NegativeCreateNewTradingTermsTest" name="WithoutEnteringDetails_ClickOnCreateTradingTerms" time="30.653"/>
  <system-out/>
  <testcase classname="swimGDSAutomation.NegativeTC.NegativeCreateNewTradingTermsTest" name="EnterBlankSpace_ClickOnCreateTradingTerms" time="32.478"/>
  <system-out/>
  <testcase classname="swimGDSAutomation.NegativeTC.NegativeCreateNewTradingTermsTest" name="EnterSpecialCharacter_ClickOnCreateTradingTerms" time="32.594"/>
  <system-out/>
  <testcase classname="swimGDSAutomation.NegativeTC.NegativeCreateNewTradingTermsTest" name="WithoutSelectingDays_ClickCreateBtn" time="31.776"/>
  <system-out/>
  <testcase classname="swimGDSAutomation.NegativeTC.NegativeCreateNewTradingTermsTest" name="SelectInvalidDaysOption_FromTermsDropdown" time="30.466"/>
  <system-out/>
  <testcase classname="swimGDSAutomation.NegativeTC.NegativeCreateNewTradingTermsTest" name="WithoutSelectingDate_ClickCreateBtn" time="31.178"/>
  <system-out/>
</testsuite> <!-- swimGDSAutomation.NegativeTC.NegativeCreateNewTradingTermsTest -->
