<?xml version="1.0" encoding="UTF-8"?>
<!-- Generated by org.testng.reporters.JUnitReportReporter -->
<testsuite hostname="C100-96s-iMac.local" failures="0" tests="1" name="swimGDSAutomation.PositiveTC.AuthorizeUserTest" time="84.104" errors="0" timestamp="2023-08-30T12:07:04 IST" skipped="0">
  <testcase classname="swimGDSAutomation.PositiveTC.AuthorizeUserTest" name="ClickOnEditBankInfo" time="84.104"/>
  <system-out/>
</testsuite> <!-- swimGDSAutomation.PositiveTC.AuthorizeUserTest -->
