<?xml version="1.0" encoding="UTF-8"?>
<!-- Generated by org.testng.reporters.JUnitReportReporter -->
<testsuite hostname="C100-96s-iMac.local" failures="0" tests="1" name="swimGDSAutomation.NegativeTC.NegativeForgetPassword" time="148.722" errors="0" timestamp="2023-08-23T18:23:21 IST" skipped="0">
  <testcase classname="swimGDSAutomation.NegativeTC.NegativeForgetPassword" name="WithoutInsertingAnswer_clickNext" time="148.722"/>
  <system-out/>
</testsuite> <!-- swimGDSAutomation.NegativeTC.NegativeForgetPassword -->
