<?xml version="1.0" encoding="UTF-8"?>
<!-- Generated by org.testng.reporters.JUnitReportReporter -->
<testsuite hostname="C100-96s-iMac.local" failures="0" tests="3" name="swimGDSAutomation.PositiveTC.ContactTest" time="111.511" errors="0" timestamp="2023-11-02T17:16:26 IST" skipped="0">
  <testcase classname="swimGDSAutomation.PositiveTC.ContactTest" name="Visible_ContactUsForm" time="32.790"/>
  <system-out/>
  <testcase classname="swimGDSAutomation.PositiveTC.ContactTest" name="Fill_ContactUsForm" time="40.045"/>
  <system-out/>
  <testcase classname="swimGDSAutomation.PositiveTC.ContactTest" name="Submit_ContactUsForm" time="38.676"/>
  <system-out/>
</testsuite> <!-- swimGDSAutomation.PositiveTC.ContactTest -->
