<?xml version="1.0" encoding="UTF-8"?>
<!-- Generated by org.testng.reporters.JUnitReportReporter -->
<testsuite hostname="C100-96s-iMac.local" failures="0" tests="1" name="swimGDSAutomation.NegativeTC.NegatiiveContactTest" time="38.502" errors="0" timestamp="2023-11-22T13:05:45 IST" skipped="0">
  <testcase classname="swimGDSAutomation.NegativeTC.NegatiiveContactTest" name="VerifyEmailFieldAcceptInvalidEmail" time="38.502"/>
  <system-out/>
</testsuite> <!-- swimGDSAutomation.NegativeTC.NegatiiveContactTest -->
