<?xml version="1.0" encoding="UTF-8"?>
<!-- Generated by org.testng.reporters.JUnitReportReporter -->
<testsuite hostname="C100-96s-iMac.local" failures="0" tests="2" name="swimGDSAutomation.PositiveTC.LandingTest" time="61.989" errors="0" timestamp="2023-08-14T10:00:59 IST" skipped="0">
  <testcase classname="swimGDSAutomation.PositiveTC.LandingTest" name="LoginWithSeller" time="25.266"/>
  <system-out/>
  <testcase classname="swimGDSAutomation.PositiveTC.LandingTest" name="RegisterWithSeller" time="36.723"/>
  <system-out/>
</testsuite> <!-- swimGDSAutomation.PositiveTC.LandingTest -->
