<?xml version="1.0" encoding="UTF-8"?>
<!-- Generated by org.testng.reporters.JUnitReportReporter -->
<testsuite hostname="C100-96s-iMac.local" failures="0" tests="1" name="swimGDSAutomation.PositiveTC.ReportWriterTest" time="84.854" errors="0" timestamp="2023-09-13T17:06:28 IST" skipped="0">
  <testcase classname="swimGDSAutomation.PositiveTC.ReportWriterTest" name="ClickOnResetQueryButtonForAddGroupOption" time="84.854"/>
  <system-out/>
</testsuite> <!-- swimGDSAutomation.PositiveTC.ReportWriterTest -->
