<?xml version="1.0" encoding="UTF-8"?>
<!-- Generated by org.testng.reporters.JUnitReportReporter -->
<testsuite hostname="C100-96s-iMac.local" failures="0" tests="1" name="swimGDSAutomation.NegativeTC.NegativeQuotesTest" time="58.187" errors="0" timestamp="2023-08-25T13:25:00 IST" skipped="0">
  <testcase classname="swimGDSAutomation.NegativeTC.NegativeQuotesTest" name="VerifyQuotesin_CarrierContainer" time="58.187"/>
  <system-out/>
</testsuite> <!-- swimGDSAutomation.NegativeTC.NegativeQuotesTest -->
