<?xml version="1.0" encoding="UTF-8"?>
<!-- Generated by org.testng.reporters.JUnitReportReporter -->
<testsuite hostname="C100-96s-iMac.local" failures="0" tests="1" name="swimGDSAutomation.NegativeTC.NegativeRegisterTest" time="95.588" errors="0" timestamp="2023-09-18T18:17:23 IST" skipped="0">
  <testcase classname="swimGDSAutomation.NegativeTC.NegativeRegisterTest" name="BlankSpace_BillingInfo" time="95.588"/>
  <system-out/>
</testsuite> <!-- swimGDSAutomation.NegativeTC.NegativeRegisterTest -->
