<?xml version="1.0" encoding="UTF-8"?>
<!-- Generated by org.testng.reporters.JUnitReportReporter -->
<testsuite hostname="C100-96s-iMac.local" failures="0" tests="1" name="swimGDSAutomation.PositiveTC.ManageBCNTest" time="158.967" errors="0" timestamp="2023-10-04T14:38:57 IST" skipped="0">
  <testcase classname="swimGDSAutomation.PositiveTC.ManageBCNTest" name="ClickOnManageBCNMenu" time="158.967"/>
  <system-out/>
</testsuite> <!-- swimGDSAutomation.PositiveTC.ManageBCNTest -->
