<?xml version="1.0" encoding="UTF-8"?>
<!-- Generated by org.testng.reporters.JUnitReportReporter -->
<testsuite hostname="C100-96s-iMac.local" failures="0" tests="1" name="swimGDSAutomation.NegativeTC.NegativeRegisterTest" time="43.360" errors="0" timestamp="2023-08-23T18:39:10 IST" skipped="0">
  <testcase classname="swimGDSAutomation.NegativeTC.NegativeRegisterTest" name="Enter_MU_invalidEmailAddress" time="43.360"/>
  <system-out/>
</testsuite> <!-- swimGDSAutomation.NegativeTC.NegativeRegisterTest -->
