<?xml version="1.0" encoding="UTF-8"?>
<!-- Generated by org.testng.reporters.JUnitReportReporter -->
<testsuite hostname="C100-96s-iMac.local" failures="0" tests="2" name="swimGDSAutomation.NegativeTC.NegativeMyAccountTest" time="116.964" errors="0" timestamp="2023-10-19T11:55:52 IST" skipped="0">
  <testcase classname="swimGDSAutomation.NegativeTC.NegativeMyAccountTest" name="InsertNumbersInAllFields_ClickSaveBankBtn" time="64.998"/>
  <system-out/>
  <testcase classname="swimGDSAutomation.NegativeTC.NegativeMyAccountTest" name="InsertSpecialCharactersNumbersInAllFields_ClickSaveBankBtn" time="51.966"/>
  <system-out/>
</testsuite> <!-- swimGDSAutomation.NegativeTC.NegativeMyAccountTest -->
