<?xml version="1.0" encoding="UTF-8"?>
<!-- Generated by org.testng.reporters.JUnitReportReporter -->
<testsuite hostname="C100-96s-iMac.local" failures="0" tests="8" name="swimGDSAutomation.PositiveTC.ManageBCNTest" time="359.479" errors="0" timestamp="2023-10-03T15:00:04 IST" skipped="0">
  <testcase classname="swimGDSAutomation.PositiveTC.ManageBCNTest" name="ClickOnManageBCNMenu" time="37.681"/>
  <system-out/>
  <testcase classname="swimGDSAutomation.PositiveTC.ManageBCNTest" name="ClickOnEnterBCNNumberSubmenu" time="48.439"/>
  <system-out/>
  <testcase classname="swimGDSAutomation.PositiveTC.ManageBCNTest" name="ClickOnManageBCNNumberSubmenu" time="58.070"/>
  <system-out/>
  <testcase classname="swimGDSAutomation.PositiveTC.ManageBCNTest" name="ClickOnCancelBCNSubmenu" time="44.483"/>
  <system-out/>
  <testcase classname="swimGDSAutomation.PositiveTC.ManageBCNTest" name="ClickOnViewBCNSubmenu" time="41.365"/>
  <system-out/>
  <testcase classname="swimGDSAutomation.PositiveTC.ManageBCNTest" name="ClickOnManageBCNSubmenu" time="50.512"/>
  <system-out/>
  <testcase classname="swimGDSAutomation.PositiveTC.ManageBCNTest" name="ClickOnReviewBalanceShiftSubmenu" time="40.752"/>
  <system-out/>
  <testcase classname="swimGDSAutomation.PositiveTC.ManageBCNTest" name="ClickOnManageAlternateVoyageSubmenu" time="38.177"/>
  <system-out/>
</testsuite> <!-- swimGDSAutomation.PositiveTC.ManageBCNTest -->
