<?xml version="1.0" encoding="UTF-8"?>
<!-- Generated by org.testng.reporters.JUnitReportReporter -->
<testsuite hostname="C100-96s-iMac.local" failures="0" tests="1" name="swimGDSAutomation.PositiveTC.AccountManagementTest" time="33.017" errors="0" timestamp="2023-10-29T21:20:46 IST" skipped="0">
  <testcase classname="swimGDSAutomation.PositiveTC.AccountManagementTest" name="ClickOn_SwimGDSRules" time="33.017"/>
  <system-out/>
</testsuite> <!-- swimGDSAutomation.PositiveTC.AccountManagementTest -->
