<?xml version="1.0" encoding="UTF-8"?>
<!-- Generated by org.testng.reporters.JUnitReportReporter -->
<testsuite hostname="C100-96s-iMac.local" failures="0" tests="4" name="swimGDSAutomation.PositiveTC.AuthorizeUserForgetPasswordTest" time="294.116" errors="0" timestamp="2023-09-01T14:39:34 IST" skipped="0">
  <testcase classname="swimGDSAutomation.PositiveTC.AuthorizeUserForgetPasswordTest" name="ClickonForgetPassword" time="71.260"/>
  <system-out/>
  <testcase classname="swimGDSAutomation.PositiveTC.AuthorizeUserForgetPasswordTest" name="EnterEmail_ForgetPasswordPage" time="49.834"/>
  <system-out/>
  <testcase classname="swimGDSAutomation.PositiveTC.AuthorizeUserForgetPasswordTest" name="Verify_ResetPasswordMail" time="86.185"/>
  <system-out/>
  <testcase classname="swimGDSAutomation.PositiveTC.AuthorizeUserForgetPasswordTest" name="Verify_ClickOnSubmitButton" time="86.837"/>
  <system-out/>
</testsuite> <!-- swimGDSAutomation.PositiveTC.AuthorizeUserForgetPasswordTest -->
