<?xml version="1.0" encoding="UTF-8"?>
<!-- Generated by org.testng.reporters.JUnitReportReporter -->
<testsuite hostname="C100-96s-iMac.local" failures="0" tests="1" name="swimGDSAutomation.NegativeTC.NegatiiveContactTest" time="120.536" errors="0" timestamp="2023-08-18T18:33:43 IST" skipped="0">
  <testcase classname="swimGDSAutomation.NegativeTC.NegatiiveContactTest" name="EnterBlankspace_ContactUsForm" time="120.536"/>
  <system-out/>
</testsuite> <!-- swimGDSAutomation.NegativeTC.NegatiiveContactTest -->
