<?xml version="1.0" encoding="UTF-8"?>
<!-- Generated by org.testng.reporters.JUnitReportReporter -->
<testsuite hostname="C100-96s-iMac.local" failures="0" tests="4" name="swimGDSAutomation.NegativeTC.NegativeReportWriterTest" time="314.359" errors="0" timestamp="2023-09-13T18:06:44 IST" skipped="0">
  <testcase classname="swimGDSAutomation.NegativeTC.NegativeReportWriterTest" name="WithoutSelectingOptionClickOnExportQuerybutton" time="55.423"/>
  <system-out/>
  <testcase classname="swimGDSAutomation.NegativeTC.NegativeReportWriterTest" name="withoutInsertingValueInAddRuleField_ClickExportQueryButton" time="89.002"/>
  <system-out/>
  <testcase classname="swimGDSAutomation.NegativeTC.NegativeReportWriterTest" name="withoutInsertingValueInAddGroupfield_ClickExportQueryButton" time="78.237"/>
  <system-out/>
  <testcase classname="swimGDSAutomation.NegativeTC.NegativeReportWriterTest" name="withoutSelectingValueInfields_ClickResetQueryButton" time="91.697"/>
  <system-out/>
</testsuite> <!-- swimGDSAutomation.NegativeTC.NegativeReportWriterTest -->
