<?xml version="1.0" encoding="UTF-8"?>
<!-- Generated by org.testng.reporters.JUnitReportReporter -->
<testsuite hostname="C100-96s-iMac.local" failures="0" tests="5" name="swimGDSAutomation.PositiveTC.ManageVoyageTest" time="313.090" errors="0" timestamp="2023-09-25T18:00:51 IST" skipped="0">
  <testcase classname="swimGDSAutomation.PositiveTC.ManageVoyageTest" name="ClickOnManageVoyageMenu" time="77.389"/>
  <system-out/>
  <testcase classname="swimGDSAutomation.PositiveTC.ManageVoyageTest" name="ClickOnListVoyageSubmenu" time="60.178"/>
  <system-out/>
  <testcase classname="swimGDSAutomation.PositiveTC.ManageVoyageTest" name="ClickOnCancelVoyageSubmenu" time="48.013"/>
  <system-out/>
  <testcase classname="swimGDSAutomation.PositiveTC.ManageVoyageTest" name="ClickOnChangeVoyageDateSubmenu" time="66.114"/>
  <system-out/>
  <testcase classname="swimGDSAutomation.PositiveTC.ManageVoyageTest" name="ClickOnChangeOfVesselSubmenu" time="61.396"/>
  <system-out/>
</testsuite> <!-- swimGDSAutomation.PositiveTC.ManageVoyageTest -->
