<?xml version="1.0" encoding="UTF-8"?>
<!-- Generated by org.testng.reporters.JUnitReportReporter -->
<testsuite hostname="C100-96s-iMac.local" failures="0" tests="4" name="swimGDSAutomation.PositiveTC.ManageTEUSlotsTest" time="350.677" errors="0" timestamp="2023-09-10T23:16:51 IST" skipped="0">
  <testcase classname="swimGDSAutomation.PositiveTC.ManageTEUSlotsTest" name="ClickOnManageTEUSlotsMenu" time="81.019"/>
  <system-out/>
  <testcase classname="swimGDSAutomation.PositiveTC.ManageTEUSlotsTest" name="ClickOnCSVUploadSlotSubmenu" time="88.052"/>
  <system-out/>
  <testcase classname="swimGDSAutomation.PositiveTC.ManageTEUSlotsTest" name="ClickOnCSVListSlotSubmenu" time="95.583"/>
  <system-out/>
  <testcase classname="swimGDSAutomation.PositiveTC.ManageTEUSlotsTest" name="ClickOnInventoryUpdateSubmenu" time="86.023"/>
  <system-out/>
</testsuite> <!-- swimGDSAutomation.PositiveTC.ManageTEUSlotsTest -->
