<?xml version="1.0" encoding="UTF-8"?>
<!-- Generated by org.testng.reporters.JUnitReportReporter -->
<testsuite hostname="C100-96s-iMac.local" failures="0" tests="3" name="swimGDSAutomation.PositiveTC.SellerReportsTest" time="295.047" errors="0" timestamp="2023-09-06T16:06:14 IST" skipped="0">
  <testcase classname="swimGDSAutomation.PositiveTC.SellerReportsTest" name="ClickSellerReportsMenu" time="140.738"/>
  <system-out/>
  <testcase classname="swimGDSAutomation.PositiveTC.SellerReportsTest" name="ClickReadyMadeSubMenu" time="92.885"/>
  <system-out/>
  <testcase classname="swimGDSAutomation.PositiveTC.SellerReportsTest" name="ClickReportWriterMenu" time="61.424"/>
  <system-out/>
</testsuite> <!-- swimGDSAutomation.PositiveTC.SellerReportsTest -->
