<?xml version="1.0" encoding="UTF-8"?>
<!-- Generated by org.testng.reporters.JUnitReportReporter -->
<testsuite hostname="C100-96s-iMac.local" failures="0" tests="16" name="swimGDSAutomation.PositiveTC.AuthorizeUserTest" time="1222.103" errors="0" timestamp="2023-08-29T18:02:16 IST" skipped="0">
  <testcase classname="swimGDSAutomation.PositiveTC.AuthorizeUserTest" name="ClickOnEditBankInfo" time="100.056"/>
  <system-out/>
  <testcase classname="swimGDSAutomation.PositiveTC.AuthorizeUserTest" name="EnterValidDetailsInSearchfield" time="42.525"/>
  <system-out/>
  <testcase classname="swimGDSAutomation.PositiveTC.AuthorizeUserTest" name="ClickOnSubmitButton" time="44.376"/>
  <system-out/>
  <testcase classname="swimGDSAutomation.PositiveTC.AuthorizeUserTest" name="ViewSearchResults" time="81.991"/>
  <system-out/>
  <testcase classname="swimGDSAutomation.PositiveTC.AuthorizeUserTest" name="SelectViewDetailOption" time="49.798"/>
  <system-out/>
  <testcase classname="swimGDSAutomation.PositiveTC.AuthorizeUserTest" name="SelectCancelUserOption_ClickNoButton" time="89.879"/>
  <system-out/>
  <testcase classname="swimGDSAutomation.PositiveTC.AuthorizeUserTest" name="SelectCancelUserOption_ClickYesButton" time="104.421"/>
  <system-out/>
  <testcase classname="swimGDSAutomation.PositiveTC.AuthorizeUserTest" name="SelectDeleteUserOption_ClickNoButton" time="91.082"/>
  <system-out/>
  <testcase classname="swimGDSAutomation.PositiveTC.AuthorizeUserTest" name="SelectDeleteUserOption_ClickYesButton" time="88.488"/>
  <system-out/>
  <testcase classname="swimGDSAutomation.PositiveTC.AuthorizeUserTest" name="EditAccountInformation" time="59.439"/>
  <system-out/>
  <testcase classname="swimGDSAutomation.PositiveTC.AuthorizeUserTest" name="SelectSetInactiveOption_ClickNoButton" time="73.042"/>
  <system-out/>
  <testcase classname="swimGDSAutomation.PositiveTC.AuthorizeUserTest" name="SelectSetInactiveOption_ClickYesButton" time="57.979"/>
  <system-out/>
  <testcase classname="swimGDSAutomation.PositiveTC.AuthorizeUserTest" name="ClickAddNewUserButton_ClickCancelButton" time="104.212"/>
  <system-out/>
  <testcase classname="swimGDSAutomation.PositiveTC.AuthorizeUserTest" name="InsertDetails_ClickCancelButton" time="84.051"/>
  <system-out/>
  <testcase classname="swimGDSAutomation.PositiveTC.AuthorizeUserTest" name="CreateNewAuthorizedUser" time="73.781"/>
  <system-out/>
  <testcase classname="swimGDSAutomation.PositiveTC.AuthorizeUserTest" name="Verify_AuthorizeUserRequestCreated" time="76.983"/>
  <system-out/>
</testsuite> <!-- swimGDSAutomation.PositiveTC.AuthorizeUserTest -->
