<?xml version="1.0" encoding="UTF-8"?>
<!-- Generated by org.testng.reporters.JUnitReportReporter -->
<testsuite hostname="C100-96s-iMac.local" failures="0" tests="3" name="swimGDSAutomation.PositiveTC.ManageTradingTermsTest" time="193.430" errors="0" timestamp="2023-09-03T16:26:36 IST" skipped="0">
  <testcase classname="swimGDSAutomation.PositiveTC.ManageTradingTermsTest" name="ClickOnEditBankInfo" time="68.096"/>
  <system-out/>
  <testcase classname="swimGDSAutomation.PositiveTC.ManageTradingTermsTest" name="ClickOnCreateTradingTerms" time="45.045"/>
  <system-out/>
  <testcase classname="swimGDSAutomation.PositiveTC.ManageTradingTermsTest" name="ClickOnListTradingTerms" time="80.289"/>
  <system-out/>
</testsuite> <!-- swimGDSAutomation.PositiveTC.ManageTradingTermsTest -->
