<?xml version="1.0" encoding="UTF-8"?>
<!-- Generated by org.testng.reporters.JUnitReportReporter -->
<testsuite hostname="C100-96s-iMac.local" failures="0" tests="2" name="swimGDSAutomation.PositiveTC.ManageBCNTest" time="4.460" errors="1" timestamp="2023-10-13T17:28:10 IST" skipped="1">
  <testcase classname="swimGDSAutomation.PositiveTC.ManageBCNTest" name="lanuchWebsite" time="4.460">
    <error message="Unresolved compilation problems: 
	Duplicate field AbstractComponentsMethods.manageBCNmenu
	Duplicate method ManageBCNPageOption() in type AbstractComponentsMethods
	Duplicate field AbstractComponentsMethods.manageBCNmenu
	Duplicate method ManageBCNPageOption() in type AbstractComponentsMethods
" type="java.lang.Error">
      <![CDATA[java.lang.Error: Unresolved compilation problems: 
Duplicate field AbstractComponentsMethods.manageBCNmenu
Duplicate method ManageBCNPageOption() in type AbstractComponentsMethods
Duplicate field AbstractComponentsMethods.manageBCNmenu
Duplicate method ManageBCNPageOption() in type AbstractComponentsMethods

at swimGDSAutomation.AbstractComponents.AbstractComponentsMethods.<init>(AbstractComponentsMethods.java:333)
at swimGDSAutomation.pageclass.LandingPage.<init>(LandingPage.java:16)
at swimGDSAutomation.TestComponents.BaseClass.lanuchWebsite(BaseClass.java:36)
at java.base/jdk.internal.reflect.NativeMethodAccessorImpl.invoke0(Native Method)
at java.base/jdk.internal.reflect.NativeMethodAccessorImpl.invoke(NativeMethodAccessorImpl.java:64)
at java.base/jdk.internal.reflect.DelegatingMethodAccessorImpl.invoke(DelegatingMethodAccessorImpl.java:43)
at java.base/java.lang.reflect.Method.invoke(Method.java:564)
at org.testng.internal.invokers.MethodInvocationHelper.invokeMethod(MethodInvocationHelper.java:139)
at org.testng.internal.invokers.MethodInvocationHelper.invokeMethodConsideringTimeout(MethodInvocationHelper.java:69)
at org.testng.internal.invokers.ConfigInvoker.invokeConfigurationMethod(ConfigInvoker.java:361)
at org.testng.internal.invokers.ConfigInvoker.invokeConfigurations(ConfigInvoker.java:296)
at org.testng.internal.invokers.TestInvoker.runConfigMethods(TestInvoker.java:823)
at org.testng.internal.invokers.TestInvoker.invokeMethod(TestInvoker.java:590)
at org.testng.internal.invokers.TestInvoker.invokeTestMethod(TestInvoker.java:221)
at org.testng.internal.invokers.MethodRunner.runInSequence(MethodRunner.java:50)
at org.testng.internal.invokers.TestInvoker$MethodInvocationAgent.invoke(TestInvoker.java:969)
at org.testng.internal.invokers.TestInvoker.invokeTestMethods(TestInvoker.java:194)
at org.testng.internal.invokers.TestMethodWorker.invokeTestMethods(TestMethodWorker.java:148)
at org.testng.internal.invokers.TestMethodWorker.run(TestMethodWorker.java:128)
at java.base/java.util.ArrayList.forEach(ArrayList.java:1511)
at org.testng.TestRunner.privateRun(TestRunner.java:829)
at org.testng.TestRunner.run(TestRunner.java:602)
at org.testng.SuiteRunner.runTest(SuiteRunner.java:437)
at org.testng.SuiteRunner.runSequentially(SuiteRunner.java:431)
at org.testng.SuiteRunner.privateRun(SuiteRunner.java:391)
at org.testng.SuiteRunner.run(SuiteRunner.java:330)
at org.testng.SuiteRunnerWorker.runSuite(SuiteRunnerWorker.java:52)
at org.testng.SuiteRunnerWorker.run(SuiteRunnerWorker.java:95)
at org.testng.TestNG.runSuitesSequentially(TestNG.java:1256)
at org.testng.TestNG.runSuitesLocally(TestNG.java:1176)
at org.testng.TestNG.runSuites(TestNG.java:1099)
at org.testng.TestNG.run(TestNG.java:1067)
at org.testng.remote.AbstractRemoteTestNG.run(AbstractRemoteTestNG.java:115)
at org.testng.remote.RemoteTestNG.initAndRun(RemoteTestNG.java:251)
at org.testng.remote.RemoteTestNG.main(RemoteTestNG.java:77)
]]>
    </error>
  </testcase> <!-- lanuchWebsite -->
  <system-out/>
  <testcase classname="swimGDSAutomation.PositiveTC.ManageBCNTest" name="ClickOnManageBCNMenu" time="0.000">
    <skipped/>
  </testcase> <!-- ClickOnManageBCNMenu -->
  <system-out/>
</testsuite> <!-- swimGDSAutomation.PositiveTC.ManageBCNTest -->
