<?xml version="1.0" encoding="UTF-8"?>
<!-- Generated by org.testng.reporters.JUnitReportReporter -->
<testsuite hostname="C100-96s-iMac.local" failures="0" tests="2" name="swimGDSAutomation.NegativeTC.NegativeAuthorizeUserForgetPasswordTest" time="161.117" errors="0" timestamp="2023-09-01T15:18:02 IST" skipped="0">
  <testcase classname="swimGDSAutomation.NegativeTC.NegativeAuthorizeUserForgetPasswordTest" name="WithoutInsertingEmail_ClickNextBtn" time="59.444"/>
  <system-out/>
  <testcase classname="swimGDSAutomation.NegativeTC.NegativeAuthorizeUserForgetPasswordTest" name="Enter_NewandConfirmPassword" time="101.673"/>
  <system-out/>
</testsuite> <!-- swimGDSAutomation.NegativeTC.NegativeAuthorizeUserForgetPasswordTest -->
