<?xml version="1.0" encoding="UTF-8"?>
<!-- Generated by org.testng.reporters.JUnitReportReporter -->
<testsuite hostname="C100-96s-iMac.local" failures="0" tests="12" name="swimGDSAutomation.PositiveTC.MyAccountTest" time="959.503" errors="0" timestamp="2023-08-28T16:19:46 IST" skipped="0">
  <testcase classname="swimGDSAutomation.PositiveTC.MyAccountTest" name="ClickOnEditBankInfo" time="45.225"/>
  <system-out/>
  <testcase classname="swimGDSAutomation.PositiveTC.MyAccountTest" name="InsertDetailsIn_EditCompanyInfoPopup_ClickCancelBtn" time="75.870"/>
  <system-out/>
  <testcase classname="swimGDSAutomation.PositiveTC.MyAccountTest" name="InsertDetailsIn_EditCompanyInfoPopup_ClickSubmitBtn" time="82.044"/>
  <system-out/>
  <testcase classname="swimGDSAutomation.PositiveTC.MyAccountTest" name="ClickOnEditAccountInfo" time="73.647"/>
  <system-out/>
  <testcase classname="swimGDSAutomation.PositiveTC.MyAccountTest" name="InsertDetailsIn_EditAccountInfoPopup_ClickCancelBtn" time="63.740"/>
  <system-out/>
  <testcase classname="swimGDSAutomation.PositiveTC.MyAccountTest" name="InsertDetailsIn_EditAccountInfoPopup_ClickSaveBtn" time="81.648"/>
  <system-out/>
  <testcase classname="swimGDSAutomation.PositiveTC.MyAccountTest" name="ClickOnChangePasswordnSecurityDetails" time="109.802"/>
  <system-out/>
  <testcase classname="swimGDSAutomation.PositiveTC.MyAccountTest" name="VerifyPasswordChange" time="90.705"/>
  <system-out/>
  <testcase classname="swimGDSAutomation.PositiveTC.MyAccountTest" name="VerifySecurityDetailsChange" time="55.697"/>
  <system-out/>
  <testcase classname="swimGDSAutomation.PositiveTC.MyAccountTest" name="ClickOnAccountManagementDropDown" time="82.797"/>
  <system-out/>
  <testcase classname="swimGDSAutomation.PositiveTC.MyAccountTest" name="InsertDetailsIn_EditBankAccountInfoPopup_ClickCancelBtn" time="77.301"/>
  <system-out/>
  <testcase classname="swimGDSAutomation.PositiveTC.MyAccountTest" name="InsertDetailsIn_EditBankAccountInfoPopup_ClickSaveBtn" time="121.027"/>
  <system-out/>
</testsuite> <!-- swimGDSAutomation.PositiveTC.MyAccountTest -->
