<?xml version="1.0" encoding="UTF-8"?>
<!-- Generated by org.testng.reporters.JUnitReportReporter -->
<testsuite hostname="C100-96s-iMac.local" failures="0" tests="1" name="swimGDSAutomation.NegativeTC.NegativeManageBCNTest" time="49.986" errors="0" timestamp="2023-10-30T14:30:51 IST" skipped="0">
  <testcase classname="swimGDSAutomation.NegativeTC.NegativeManageBCNTest" name="EnterMaximumNumbersInField_AndClickOnSubmitButton" time="49.986"/>
  <system-out/>
</testsuite> <!-- swimGDSAutomation.NegativeTC.NegativeManageBCNTest -->
