<?xml version="1.0" encoding="UTF-8"?>
<!-- Generated by org.testng.reporters.JUnitReportReporter -->
<testsuite hostname="C100-96s-iMac.local" failures="0" tests="7" name="swimGDSAutomation.NegativeTC.NegativeManageCouponTest" time="287.624" errors="0" timestamp="2023-10-19T02:25:14 IST" skipped="0">
  <testcase classname="swimGDSAutomation.NegativeTC.NegativeManageCouponTest" name="EnterCouponDetailsInSearchFieldInCouponListSubmenu" time="39.800"/>
  <system-out/>
  <testcase classname="swimGDSAutomation.NegativeTC.NegativeManageCouponTest" name="ClickOnCreateTradingTermsInCouponListSubmenu" time="34.338"/>
  <system-out/>
  <testcase classname="swimGDSAutomation.NegativeTC.NegativeManageCouponTest" name="SelectDateFromFieldInCouponListSubmenu" time="42.966"/>
  <system-out/>
  <testcase classname="swimGDSAutomation.NegativeTC.NegativeManageCouponTest" name="EnterSpecialCharacterFieldInCouponListSubmenu" time="43.529"/>
  <system-out/>
  <testcase classname="swimGDSAutomation.NegativeTC.NegativeManageCouponTest" name="EnterZeroValueInDiscountFieldInCouponListSubmenu" time="42.958"/>
  <system-out/>
  <testcase classname="swimGDSAutomation.NegativeTC.NegativeManageCouponTest" name="EnterInvalidValueInDiscountFieldInCouponListSubmenu" time="42.206"/>
  <system-out/>
  <testcase classname="swimGDSAutomation.NegativeTC.NegativeManageCouponTest" name="CreateDuplicateCouponCodeInCouponListSubmenu" time="41.827"/>
  <system-out/>
</testsuite> <!-- swimGDSAutomation.NegativeTC.NegativeManageCouponTest -->
