<?xml version="1.0" encoding="UTF-8"?>
<!-- Generated by org.testng.reporters.JUnitReportReporter -->
<testsuite hostname="C100-96s-iMac.local" failures="0" tests="1" name="swimGDSAutomation.PositiveTC.ManageCouponTest" time="45.341" errors="0" timestamp="2023-10-19T01:58:16 IST" skipped="0">
  <testcase classname="swimGDSAutomation.PositiveTC.ManageCouponTest" name="ClickOnToggleButtonToChangeTheStatusToDeactivite_ThenClickNoBtn" time="45.341"/>
  <system-out/>
</testsuite> <!-- swimGDSAutomation.PositiveTC.ManageCouponTest -->
