<?xml version="1.0" encoding="UTF-8"?>
<!-- Generated by org.testng.reporters.JUnitReportReporter -->
<testsuite hostname="C100-96s-iMac.local" failures="0" tests="1" name="swimGDSAutomation.PositiveTC.ForgetPasswordTest" time="101.266" errors="0" timestamp="2023-11-29T14:56:23 IST" skipped="0">
  <testcase classname="swimGDSAutomation.PositiveTC.ForgetPasswordTest" name="Verify_ClickOnSubmitButton" time="101.266"/>
  <system-out/>
</testsuite> <!-- swimGDSAutomation.PositiveTC.ForgetPasswordTest -->
