<?xml version="1.0" encoding="UTF-8"?>
<!-- Generated by org.testng.reporters.JUnitReportReporter -->
<testsuite hostname="C100-96s-iMac.local" failures="0" tests="5" name="swimGDSAutomation.PositiveTC.LoginTest" time="503.394" errors="0" timestamp="2023-08-21T15:02:01 IST" skipped="0">
  <testcase classname="swimGDSAutomation.PositiveTC.LoginTest" name="LoginWithValidCredentails" time="160.507"/>
  <system-out/>
  <testcase classname="swimGDSAutomation.PositiveTC.LoginTest" name="LoginWithValidCredentails_withPassIcon" time="111.752"/>
  <system-out/>
  <testcase classname="swimGDSAutomation.PositiveTC.LoginTest" name="LoginWithValidCredentails_withSelectedRememberMe" time="61.103"/>
  <system-out/>
  <testcase classname="swimGDSAutomation.PositiveTC.LoginTest" name="LoginWith_AllVisibleOptions" time="77.357"/>
  <system-out/>
  <testcase classname="swimGDSAutomation.PositiveTC.LoginTest" name="LoginAndLogout" time="92.675"/>
  <system-out/>
</testsuite> <!-- swimGDSAutomation.PositiveTC.LoginTest -->
