<?xml version="1.0" encoding="UTF-8"?>
<!-- Generated by org.testng.reporters.JUnitReportReporter -->
<testsuite hostname="C100-96s-iMac.local" failures="0" tests="4" name="swimGDSAutomation.NegativeTC.NegativeReportWriterTest" time="137.026" errors="0" timestamp="2023-10-30T23:08:04 IST" skipped="0">
  <testcase classname="swimGDSAutomation.NegativeTC.NegativeReportWriterTest" name="WithoutSelectingOptionClickOnExportQuerybutton" time="35.003"/>
  <system-out/>
  <testcase classname="swimGDSAutomation.NegativeTC.NegativeReportWriterTest" name="withoutInsertingValueInAddRuleField_ClickExportQueryButton" time="32.731"/>
  <system-out/>
  <testcase classname="swimGDSAutomation.NegativeTC.NegativeReportWriterTest" name="withoutInsertingValueInAddGroupfield_ClickExportQueryButton" time="34.460"/>
  <system-out/>
  <testcase classname="swimGDSAutomation.NegativeTC.NegativeReportWriterTest" name="withoutSelectingValueInfields_ClickResetQueryButton" time="34.832"/>
  <system-out/>
</testsuite> <!-- swimGDSAutomation.NegativeTC.NegativeReportWriterTest -->
