<?xml version="1.0" encoding="UTF-8"?>
<!-- Generated by org.testng.reporters.JUnitReportReporter -->
<testsuite hostname="C100-96s-iMac.local" failures="0" tests="8" name="swimGDSAutomation.PositiveTC.ListTradingTermsTest" time="663.882" errors="0" timestamp="2023-09-10T01:06:25 IST" skipped="0">
  <testcase classname="swimGDSAutomation.PositiveTC.ListTradingTermsTest" name="ClickListTermsAndViewTermsList" time="87.897"/>
  <system-out/>
  <testcase classname="swimGDSAutomation.PositiveTC.ListTradingTermsTest" name="InsertTermsCodeInSearchField_ClickEnter" time="82.515"/>
  <system-out/>
  <testcase classname="swimGDSAutomation.PositiveTC.ListTradingTermsTest" name="ChangeTheStatusToActivite_ClickNoBtn" time="89.607"/>
  <system-out/>
  <testcase classname="swimGDSAutomation.PositiveTC.ListTradingTermsTest" name="ChangeTheStatusToActivite_ClickYesBtn" time="78.639"/>
  <system-out/>
  <testcase classname="swimGDSAutomation.PositiveTC.ListTradingTermsTest" name="ChangeTheStatusToDeactivite_ClickNoBtn" time="84.771"/>
  <system-out/>
  <testcase classname="swimGDSAutomation.PositiveTC.ListTradingTermsTest" name="ChangeTheStatusToDeactivite_ClickYesBtn" time="85.050"/>
  <system-out/>
  <testcase classname="swimGDSAutomation.PositiveTC.ListTradingTermsTest" name="ClickCreateNewItemsButton" time="76.300"/>
  <system-out/>
  <testcase classname="swimGDSAutomation.PositiveTC.ListTradingTermsTest" name="ClickOnPagination" time="79.103"/>
  <system-out/>
</testsuite> <!-- swimGDSAutomation.PositiveTC.ListTradingTermsTest -->
