<?xml version="1.0" encoding="UTF-8"?>
<!-- Generated by org.testng.reporters.JUnitReportReporter -->
<testsuite hostname="C100-96s-iMac.local" failures="3" tests="22" name="swimGDSAutomation.PositiveTC.ReadyMadeTest" time="748.014" errors="0" timestamp="2023-10-30T23:08:04 IST" skipped="9">
  <testcase classname="swimGDSAutomation.PositiveTC.ReadyMadeTest" name="ClickBalancePayableSubmenu" time="30.036"/>
  <system-out/>
  <testcase classname="swimGDSAutomation.PositiveTC.ReadyMadeTest" name="SelectBuyerName" time="34.180">
    <skipped/>
  </testcase> <!-- SelectBuyerName -->
  <system-out/>
  <testcase classname="swimGDSAutomation.PositiveTC.ReadyMadeTest" name="SelectBuyerName" time="33.960">
    <skipped/>
  </testcase> <!-- SelectBuyerName -->
  <system-out/>
  <testcase classname="swimGDSAutomation.PositiveTC.ReadyMadeTest" name="SelectBuyerName" time="34.565">
    <failure message="expected [DB Schenker] but found []" type="java.lang.AssertionError">
      <![CDATA[java.lang.AssertionError: expected [DB Schenker] but found []
at org.testng.Assert.fail(Assert.java:110)
at org.testng.Assert.failNotEquals(Assert.java:1413)
at org.testng.Assert.assertEqualsImpl(Assert.java:149)
at org.testng.Assert.assertEquals(Assert.java:131)
at org.testng.Assert.assertEquals(Assert.java:655)
at org.testng.Assert.assertEquals(Assert.java:665)
at swimGDSAutomation.PositiveTC.ReadyMadeTest.SelectBuyerName(ReadyMadeTest.java:56)
at java.base/jdk.internal.reflect.NativeMethodAccessorImpl.invoke0(Native Method)
at java.base/jdk.internal.reflect.NativeMethodAccessorImpl.invoke(NativeMethodAccessorImpl.java:64)
at java.base/jdk.internal.reflect.DelegatingMethodAccessorImpl.invoke(DelegatingMethodAccessorImpl.java:43)
at java.base/java.lang.reflect.Method.invoke(Method.java:564)
at org.testng.internal.invokers.MethodInvocationHelper.invokeMethod(MethodInvocationHelper.java:139)
at org.testng.internal.invokers.TestInvoker.invokeMethod(TestInvoker.java:677)
at org.testng.internal.invokers.TestInvoker.retryFailed(TestInvoker.java:263)
at org.testng.internal.invokers.MethodRunner.runInSequence(MethodRunner.java:62)
at org.testng.internal.invokers.TestInvoker$MethodInvocationAgent.invoke(TestInvoker.java:969)
at org.testng.internal.invokers.TestInvoker.invokeTestMethods(TestInvoker.java:194)
at org.testng.internal.invokers.TestMethodWorker.invokeTestMethods(TestMethodWorker.java:148)
at org.testng.internal.invokers.TestMethodWorker.run(TestMethodWorker.java:128)
at java.base/java.util.ArrayList.forEach(ArrayList.java:1511)
at org.testng.TestRunner.privateRun(TestRunner.java:829)
at org.testng.TestRunner.run(TestRunner.java:602)
at org.testng.SuiteRunner.runTest(SuiteRunner.java:437)
at org.testng.SuiteRunner.runSequentially(SuiteRunner.java:431)
at org.testng.SuiteRunner.privateRun(SuiteRunner.java:391)
at org.testng.SuiteRunner.run(SuiteRunner.java:330)
at org.testng.SuiteRunnerWorker.runSuite(SuiteRunnerWorker.java:52)
at org.testng.SuiteRunnerWorker.run(SuiteRunnerWorker.java:95)
at org.testng.TestNG.runSuitesSequentially(TestNG.java:1256)
at org.testng.TestNG.runSuitesLocally(TestNG.java:1176)
at org.testng.TestNG.runSuites(TestNG.java:1099)
at org.testng.TestNG.run(TestNG.java:1067)
at org.testng.remote.AbstractRemoteTestNG.run(AbstractRemoteTestNG.java:115)
at org.testng.remote.RemoteTestNG.initAndRun(RemoteTestNG.java:251)
at org.testng.remote.RemoteTestNG.main(RemoteTestNG.java:77)
]]>
    </failure>
  </testcase> <!-- SelectBuyerName -->
  <system-out/>
  <testcase classname="swimGDSAutomation.PositiveTC.ReadyMadeTest" name="SelectBuyerName" time="34.299">
    <skipped/>
  </testcase> <!-- SelectBuyerName -->
  <system-out/>
  <testcase classname="swimGDSAutomation.PositiveTC.ReadyMadeTest" name="ClickViewButtonToViewDetails" time="33.990">
    <skipped/>
  </testcase> <!-- ClickViewButtonToViewDetails -->
  <system-out/>
  <testcase classname="swimGDSAutomation.PositiveTC.ReadyMadeTest" name="ClickViewButtonToViewDetails" time="34.738">
    <skipped/>
  </testcase> <!-- ClickViewButtonToViewDetails -->
  <system-out/>
  <testcase classname="swimGDSAutomation.PositiveTC.ReadyMadeTest" name="ClickViewButtonToViewDetails" time="34.308">
    <failure message="expected [Test Cancel Voyage] but found []" type="java.lang.AssertionError">
      <![CDATA[java.lang.AssertionError: expected [Test Cancel Voyage] but found []
at org.testng.Assert.fail(Assert.java:110)
at org.testng.Assert.failNotEquals(Assert.java:1413)
at org.testng.Assert.assertEqualsImpl(Assert.java:149)
at org.testng.Assert.assertEquals(Assert.java:131)
at org.testng.Assert.assertEquals(Assert.java:655)
at org.testng.Assert.assertEquals(Assert.java:665)
at swimGDSAutomation.PositiveTC.ReadyMadeTest.ClickViewButtonToViewDetails(ReadyMadeTest.java:81)
at java.base/jdk.internal.reflect.NativeMethodAccessorImpl.invoke0(Native Method)
at java.base/jdk.internal.reflect.NativeMethodAccessorImpl.invoke(NativeMethodAccessorImpl.java:64)
at java.base/jdk.internal.reflect.DelegatingMethodAccessorImpl.invoke(DelegatingMethodAccessorImpl.java:43)
at java.base/java.lang.reflect.Method.invoke(Method.java:564)
at org.testng.internal.invokers.MethodInvocationHelper.invokeMethod(MethodInvocationHelper.java:139)
at org.testng.internal.invokers.TestInvoker.invokeMethod(TestInvoker.java:677)
at org.testng.internal.invokers.TestInvoker.retryFailed(TestInvoker.java:263)
at org.testng.internal.invokers.MethodRunner.runInSequence(MethodRunner.java:62)
at org.testng.internal.invokers.TestInvoker$MethodInvocationAgent.invoke(TestInvoker.java:969)
at org.testng.internal.invokers.TestInvoker.invokeTestMethods(TestInvoker.java:194)
at org.testng.internal.invokers.TestMethodWorker.invokeTestMethods(TestMethodWorker.java:148)
at org.testng.internal.invokers.TestMethodWorker.run(TestMethodWorker.java:128)
at java.base/java.util.ArrayList.forEach(ArrayList.java:1511)
at org.testng.TestRunner.privateRun(TestRunner.java:829)
at org.testng.TestRunner.run(TestRunner.java:602)
at org.testng.SuiteRunner.runTest(SuiteRunner.java:437)
at org.testng.SuiteRunner.runSequentially(SuiteRunner.java:431)
at org.testng.SuiteRunner.privateRun(SuiteRunner.java:391)
at org.testng.SuiteRunner.run(SuiteRunner.java:330)
at org.testng.SuiteRunnerWorker.runSuite(SuiteRunnerWorker.java:52)
at org.testng.SuiteRunnerWorker.run(SuiteRunnerWorker.java:95)
at org.testng.TestNG.runSuitesSequentially(TestNG.java:1256)
at org.testng.TestNG.runSuitesLocally(TestNG.java:1176)
at org.testng.TestNG.runSuites(TestNG.java:1099)
at org.testng.TestNG.run(TestNG.java:1067)
at org.testng.remote.AbstractRemoteTestNG.run(AbstractRemoteTestNG.java:115)
at org.testng.remote.RemoteTestNG.initAndRun(RemoteTestNG.java:251)
at org.testng.remote.RemoteTestNG.main(RemoteTestNG.java:77)
]]>
    </failure>
  </testcase> <!-- ClickViewButtonToViewDetails -->
  <system-out/>
  <testcase classname="swimGDSAutomation.PositiveTC.ReadyMadeTest" name="ClickViewButtonToViewDetails" time="33.171">
    <skipped/>
  </testcase> <!-- ClickViewButtonToViewDetails -->
  <system-out/>
  <testcase classname="swimGDSAutomation.PositiveTC.ReadyMadeTest" name="ChangeBuyerByClickingOnDropdownAgain" time="39.741">
    <skipped/>
  </testcase> <!-- ChangeBuyerByClickingOnDropdownAgain -->
  <system-out/>
  <testcase classname="swimGDSAutomation.PositiveTC.ReadyMadeTest" name="ChangeBuyerByClickingOnDropdownAgain" time="34.623">
    <skipped/>
  </testcase> <!-- ChangeBuyerByClickingOnDropdownAgain -->
  <system-out/>
  <testcase classname="swimGDSAutomation.PositiveTC.ReadyMadeTest" name="ChangeBuyerByClickingOnDropdownAgain" time="33.958">
    <failure message="expected [Test Cancel Voyage] but found []" type="java.lang.AssertionError">
      <![CDATA[java.lang.AssertionError: expected [Test Cancel Voyage] but found []
at org.testng.Assert.fail(Assert.java:110)
at org.testng.Assert.failNotEquals(Assert.java:1413)
at org.testng.Assert.assertEqualsImpl(Assert.java:149)
at org.testng.Assert.assertEquals(Assert.java:131)
at org.testng.Assert.assertEquals(Assert.java:655)
at org.testng.Assert.assertEquals(Assert.java:665)
at swimGDSAutomation.PositiveTC.ReadyMadeTest.ChangeBuyerByClickingOnDropdownAgain(ReadyMadeTest.java:108)
at java.base/jdk.internal.reflect.NativeMethodAccessorImpl.invoke0(Native Method)
at java.base/jdk.internal.reflect.NativeMethodAccessorImpl.invoke(NativeMethodAccessorImpl.java:64)
at java.base/jdk.internal.reflect.DelegatingMethodAccessorImpl.invoke(DelegatingMethodAccessorImpl.java:43)
at java.base/java.lang.reflect.Method.invoke(Method.java:564)
at org.testng.internal.invokers.MethodInvocationHelper.invokeMethod(MethodInvocationHelper.java:139)
at org.testng.internal.invokers.TestInvoker.invokeMethod(TestInvoker.java:677)
at org.testng.internal.invokers.TestInvoker.retryFailed(TestInvoker.java:263)
at org.testng.internal.invokers.MethodRunner.runInSequence(MethodRunner.java:62)
at org.testng.internal.invokers.TestInvoker$MethodInvocationAgent.invoke(TestInvoker.java:969)
at org.testng.internal.invokers.TestInvoker.invokeTestMethods(TestInvoker.java:194)
at org.testng.internal.invokers.TestMethodWorker.invokeTestMethods(TestMethodWorker.java:148)
at org.testng.internal.invokers.TestMethodWorker.run(TestMethodWorker.java:128)
at java.base/java.util.ArrayList.forEach(ArrayList.java:1511)
at org.testng.TestRunner.privateRun(TestRunner.java:829)
at org.testng.TestRunner.run(TestRunner.java:602)
at org.testng.SuiteRunner.runTest(SuiteRunner.java:437)
at org.testng.SuiteRunner.runSequentially(SuiteRunner.java:431)
at org.testng.SuiteRunner.privateRun(SuiteRunner.java:391)
at org.testng.SuiteRunner.run(SuiteRunner.java:330)
at org.testng.SuiteRunnerWorker.runSuite(SuiteRunnerWorker.java:52)
at org.testng.SuiteRunnerWorker.run(SuiteRunnerWorker.java:95)
at org.testng.TestNG.runSuitesSequentially(TestNG.java:1256)
at org.testng.TestNG.runSuitesLocally(TestNG.java:1176)
at org.testng.TestNG.runSuites(TestNG.java:1099)
at org.testng.TestNG.run(TestNG.java:1067)
at org.testng.remote.AbstractRemoteTestNG.run(AbstractRemoteTestNG.java:115)
at org.testng.remote.RemoteTestNG.initAndRun(RemoteTestNG.java:251)
at org.testng.remote.RemoteTestNG.main(RemoteTestNG.java:77)
]]>
    </failure>
  </testcase> <!-- ChangeBuyerByClickingOnDropdownAgain -->
  <system-out/>
  <testcase classname="swimGDSAutomation.PositiveTC.ReadyMadeTest" name="ChangeBuyerByClickingOnDropdownAgain" time="35.313">
    <skipped/>
  </testcase> <!-- ChangeBuyerByClickingOnDropdownAgain -->
  <system-out/>
  <testcase classname="swimGDSAutomation.PositiveTC.ReadyMadeTest" name="ClickSellersInventoryPositionReportSubmenu" time="33.388"/>
  <system-out/>
  <testcase classname="swimGDSAutomation.PositiveTC.ReadyMadeTest" name="ClickDownloadSellersInventoryPositionReportButton" time="33.981"/>
  <system-out/>
  <testcase classname="swimGDSAutomation.PositiveTC.ReadyMadeTest" name="ClickSellersSlotAvailabilityTrendReportSubmenu" time="33.382"/>
  <system-out/>
  <testcase classname="swimGDSAutomation.PositiveTC.ReadyMadeTest" name="ClickAscendingNDescendingArrows" time="37.998"/>
  <system-out/>
  <testcase classname="swimGDSAutomation.PositiveTC.ReadyMadeTest" name="ClickOnBillReportSubmenu" time="31.195"/>
  <system-out/>
  <testcase classname="swimGDSAutomation.PositiveTC.ReadyMadeTest" name="ClickUpNDownArrowOfSellerColoumn" time="34.847"/>
  <system-out/>
  <testcase classname="swimGDSAutomation.PositiveTC.ReadyMadeTest" name="ClickForwarderDropdownField" time="29.694"/>
  <system-out/>
  <testcase classname="swimGDSAutomation.PositiveTC.ReadyMadeTest" name="SelectForwarderOption" time="31.143"/>
  <system-out/>
  <testcase classname="swimGDSAutomation.PositiveTC.ReadyMadeTest" name="ClickDownloadCSV" time="35.504"/>
  <system-out/>
</testsuite> <!-- swimGDSAutomation.PositiveTC.ReadyMadeTest -->
